
20190528 16:52:44 输入字符串的格式不正确。
===================================
   在 System.Number.StringToNumber(String str, NumberStyles options, NumberBuffer& number, NumberFormatInfo info, Boolean parseDecimal)
   在 System.Number.ParseInt32(String s, NumberStyles style, NumberFormatInfo info)
   在 System.Int16.Parse(String s, NumberStyles style, NumberFormatInfo info)
   在 System.Convert.ToInt16(String value)
   在 MettingSys.Web.center.Page_Load(Object sender, EventArgs e) 位置 D:\外包项目\MettingSys\code\MettingSys.Web\center.aspx.cs:行号 19
   在 System.EventHandler.Invoke(Object sender, EventArgs e)
   在 System.Web.UI.Control.OnLoad(EventArgs e)
   在 System.Web.UI.Control.LoadRecursive()
   在 System.Web.UI.Page.ProcessRequestMain(Boolean includeStagesBeforeAsyncPoint, Boolean includeStagesAfterAsyncPoint)

20190528 16:52:57 输入字符串的格式不正确。
===================================
   在 System.Number.StringToNumber(String str, NumberStyles options, NumberBuffer& number, NumberFormatInfo info, Boolean parseDecimal)
   在 System.Number.ParseInt32(String s, NumberStyles style, NumberFormatInfo info)
   在 System.Int16.Parse(String s, NumberStyles style, NumberFormatInfo info)
   在 System.Convert.ToInt16(String value)
   在 MettingSys.Web.center.Page_Load(Object sender, EventArgs e) 位置 D:\外包项目\MettingSys\code\MettingSys.Web\center.aspx.cs:行号 19
   在 System.EventHandler.Invoke(Object sender, EventArgs e)
   在 System.Web.UI.Control.OnLoad(EventArgs e)
   在 System.Web.UI.Control.LoadRecursive()
   在 System.Web.UI.Page.ProcessRequestMain(Boolean includeStagesBeforeAsyncPoint, Boolean includeStagesAfterAsyncPoint)

20190528 18:12:19 输入字符串的格式不正确。
===================================
   在 System.Number.StringToNumber(String str, NumberStyles options, NumberBuffer& number, NumberFormatInfo info, Boolean parseDecimal)
   在 System.Number.ParseInt32(String s, NumberStyles style, NumberFormatInfo info)
   在 System.Convert.ToInt32(String value)
   在 MettingSys.Web.admin.order.order_list.Page_Load(Object sender, EventArgs e) 位置 D:\外包项目\MettingSys\code\MettingSys.Web\admin\order\order_list.aspx.cs:行号 24
   在 System.EventHandler.Invoke(Object sender, EventArgs e)
   在 System.Web.UI.Control.OnLoad(EventArgs e)
   在 System.Web.UI.Control.LoadRecursive()
   在 System.Web.UI.Page.ProcessRequestMain(Boolean includeStagesBeforeAsyncPoint, Boolean includeStagesAfterAsyncPoint)

20190528 18:13:27 输入字符串的格式不正确。
===================================
   在 System.Number.StringToNumber(String str, NumberStyles options, NumberBuffer& number, NumberFormatInfo info, Boolean parseDecimal)
   在 System.Number.ParseInt32(String s, NumberStyles style, NumberFormatInfo info)
   在 System.Convert.ToInt32(String value)
   在 MettingSys.Web.admin.order.order_list.Page_Load(Object sender, EventArgs e) 位置 D:\外包项目\MettingSys\code\MettingSys.Web\admin\order\order_list.aspx.cs:行号 24
   在 System.EventHandler.Invoke(Object sender, EventArgs e)
   在 System.Web.UI.Control.OnLoad(EventArgs e)
   在 System.Web.UI.Control.LoadRecursive()
   在 System.Web.UI.Page.ProcessRequestMain(Boolean includeStagesBeforeAsyncPoint, Boolean includeStagesAfterAsyncPoint)

20190528 18:13:49 输入字符串的格式不正确。
===================================
   在 System.Number.StringToNumber(String str, NumberStyles options, NumberBuffer& number, NumberFormatInfo info, Boolean parseDecimal)
   在 System.Number.ParseInt32(String s, NumberStyles style, NumberFormatInfo info)
   在 System.Convert.ToInt32(String value)
   在 MettingSys.Web.admin.order.order_list.Page_Load(Object sender, EventArgs e) 位置 D:\外包项目\MettingSys\code\MettingSys.Web\admin\order\order_list.aspx.cs:行号 24
   在 System.EventHandler.Invoke(Object sender, EventArgs e)
   在 System.Web.UI.Control.OnLoad(EventArgs e)
   在 System.Web.UI.Control.LoadRecursive()
   在 System.Web.UI.Page.ProcessRequestMain(Boolean includeStagesBeforeAsyncPoint, Boolean includeStagesAfterAsyncPoint)

20190528 18:51:04 输入字符串的格式不正确。
===================================
   在 System.Number.StringToNumber(String str, NumberStyles options, NumberBuffer& number, NumberFormatInfo info, Boolean parseDecimal)
   在 System.Number.ParseInt32(String s, NumberStyles style, NumberFormatInfo info)
   在 System.Convert.ToInt32(String value)
   在 MettingSys.Web.admin.order.order_list.Page_Load(Object sender, EventArgs e) 位置 D:\外包项目\MettingSys\code\MettingSys.Web\admin\order\order_list.aspx.cs:行号 24
   在 System.EventHandler.Invoke(Object sender, EventArgs e)
   在 System.Web.UI.Control.OnLoad(EventArgs e)
   在 System.Web.UI.Control.LoadRecursive()
   在 System.Web.UI.Page.ProcessRequestMain(Boolean includeStagesBeforeAsyncPoint, Boolean includeStagesAfterAsyncPoint)

20190528 18:51:11 输入字符串的格式不正确。
===================================
   在 System.Number.StringToNumber(String str, NumberStyles options, NumberBuffer& number, NumberFormatInfo info, Boolean parseDecimal)
   在 System.Number.ParseInt32(String s, NumberStyles style, NumberFormatInfo info)
   在 System.Convert.ToInt32(String value)
   在 MettingSys.Web.admin.order.order_list.Page_Load(Object sender, EventArgs e) 位置 D:\外包项目\MettingSys\code\MettingSys.Web\admin\order\order_list.aspx.cs:行号 24
   在 System.EventHandler.Invoke(Object sender, EventArgs e)
   在 System.Web.UI.Control.OnLoad(EventArgs e)
   在 System.Web.UI.Control.LoadRecursive()
   在 System.Web.UI.Page.ProcessRequestMain(Boolean includeStagesBeforeAsyncPoint, Boolean includeStagesAfterAsyncPoint)

20190528 18:51:14 输入字符串的格式不正确。
===================================
   在 System.Number.StringToNumber(String str, NumberStyles options, NumberBuffer& number, NumberFormatInfo info, Boolean parseDecimal)
   在 System.Number.ParseInt32(String s, NumberStyles style, NumberFormatInfo info)
   在 System.Convert.ToInt32(String value)
   在 MettingSys.Web.admin.order.order_list.Page_Load(Object sender, EventArgs e) 位置 D:\外包项目\MettingSys\code\MettingSys.Web\admin\order\order_list.aspx.cs:行号 24
   在 System.EventHandler.Invoke(Object sender, EventArgs e)
   在 System.Web.UI.Control.OnLoad(EventArgs e)
   在 System.Web.UI.Control.LoadRecursive()
   在 System.Web.UI.Page.ProcessRequestMain(Boolean includeStagesBeforeAsyncPoint, Boolean includeStagesAfterAsyncPoint)

20190528 18:51:15 输入字符串的格式不正确。
===================================
   在 System.Number.StringToNumber(String str, NumberStyles options, NumberBuffer& number, NumberFormatInfo info, Boolean parseDecimal)
   在 System.Number.ParseInt32(String s, NumberStyles style, NumberFormatInfo info)
   在 System.Convert.ToInt32(String value)
   在 MettingSys.Web.admin.order.order_list.Page_Load(Object sender, EventArgs e) 位置 D:\外包项目\MettingSys\code\MettingSys.Web\admin\order\order_list.aspx.cs:行号 24
   在 System.EventHandler.Invoke(Object sender, EventArgs e)
   在 System.Web.UI.Control.OnLoad(EventArgs e)
   在 System.Web.UI.Control.LoadRecursive()
   在 System.Web.UI.Page.ProcessRequestMain(Boolean includeStagesBeforeAsyncPoint, Boolean includeStagesAfterAsyncPoint)

20190528 18:51:16 输入字符串的格式不正确。
===================================
   在 System.Number.StringToNumber(String str, NumberStyles options, NumberBuffer& number, NumberFormatInfo info, Boolean parseDecimal)
   在 System.Number.ParseInt32(String s, NumberStyles style, NumberFormatInfo info)
   在 System.Convert.ToInt32(String value)
   在 MettingSys.Web.admin.order.order_list.Page_Load(Object sender, EventArgs e) 位置 D:\外包项目\MettingSys\code\MettingSys.Web\admin\order\order_list.aspx.cs:行号 24
   在 System.EventHandler.Invoke(Object sender, EventArgs e)
   在 System.Web.UI.Control.OnLoad(EventArgs e)
   在 System.Web.UI.Control.LoadRecursive()
   在 System.Web.UI.Page.ProcessRequestMain(Boolean includeStagesBeforeAsyncPoint, Boolean includeStagesAfterAsyncPoint)

20190528 18:51:17 输入字符串的格式不正确。
===================================
   在 System.Number.StringToNumber(String str, NumberStyles options, NumberBuffer& number, NumberFormatInfo info, Boolean parseDecimal)
   在 System.Number.ParseInt32(String s, NumberStyles style, NumberFormatInfo info)
   在 System.Convert.ToInt32(String value)
   在 MettingSys.Web.admin.order.order_list.Page_Load(Object sender, EventArgs e) 位置 D:\外包项目\MettingSys\code\MettingSys.Web\admin\order\order_list.aspx.cs:行号 24
   在 System.EventHandler.Invoke(Object sender, EventArgs e)
   在 System.Web.UI.Control.OnLoad(EventArgs e)
   在 System.Web.UI.Control.LoadRecursive()
   在 System.Web.UI.Page.ProcessRequestMain(Boolean includeStagesBeforeAsyncPoint, Boolean includeStagesAfterAsyncPoint)

20190528 18:59:25 输入字符串的格式不正确。
===================================
   在 System.Number.StringToNumber(String str, NumberStyles options, NumberBuffer& number, NumberFormatInfo info, Boolean parseDecimal)
   在 System.Number.ParseInt32(String s, NumberStyles style, NumberFormatInfo info)
   在 System.Convert.ToInt32(String value)
   在 MettingSys.Web.admin.order.order_list.Page_Load(Object sender, EventArgs e) 位置 D:\外包项目\MettingSys\code\MettingSys.Web\admin\order\order_list.aspx.cs:行号 24
   在 System.EventHandler.Invoke(Object sender, EventArgs e)
   在 System.Web.UI.Control.OnLoad(EventArgs e)
   在 System.Web.UI.Control.LoadRecursive()
   在 System.Web.UI.Page.ProcessRequestMain(Boolean includeStagesBeforeAsyncPoint, Boolean includeStagesAfterAsyncPoint)

20190528 18:59:28 输入字符串的格式不正确。
===================================
   在 System.Number.StringToNumber(String str, NumberStyles options, NumberBuffer& number, NumberFormatInfo info, Boolean parseDecimal)
   在 System.Number.ParseInt32(String s, NumberStyles style, NumberFormatInfo info)
   在 System.Convert.ToInt32(String value)
   在 MettingSys.Web.admin.order.order_list.Page_Load(Object sender, EventArgs e) 位置 D:\外包项目\MettingSys\code\MettingSys.Web\admin\order\order_list.aspx.cs:行号 24
   在 System.EventHandler.Invoke(Object sender, EventArgs e)
   在 System.Web.UI.Control.OnLoad(EventArgs e)
   在 System.Web.UI.Control.LoadRecursive()
   在 System.Web.UI.Page.ProcessRequestMain(Boolean includeStagesBeforeAsyncPoint, Boolean includeStagesAfterAsyncPoint)

20190528 18:59:56 输入字符串的格式不正确。
===================================
   在 System.Number.StringToNumber(String str, NumberStyles options, NumberBuffer& number, NumberFormatInfo info, Boolean parseDecimal)
   在 System.Number.ParseInt32(String s, NumberStyles style, NumberFormatInfo info)
   在 System.Convert.ToInt32(String value)
   在 MettingSys.Web.admin.order.order_list.Page_Load(Object sender, EventArgs e) 位置 D:\外包项目\MettingSys\code\MettingSys.Web\admin\order\order_list.aspx.cs:行号 24
   在 System.EventHandler.Invoke(Object sender, EventArgs e)
   在 System.Web.UI.Control.OnLoad(EventArgs e)
   在 System.Web.UI.Control.LoadRecursive()
   在 System.Web.UI.Page.ProcessRequestMain(Boolean includeStagesBeforeAsyncPoint, Boolean includeStagesAfterAsyncPoint)

20190528 19:00:13 输入字符串的格式不正确。
===================================
   在 System.Number.StringToNumber(String str, NumberStyles options, NumberBuffer& number, NumberFormatInfo info, Boolean parseDecimal)
   在 System.Number.ParseInt32(String s, NumberStyles style, NumberFormatInfo info)
   在 System.Convert.ToInt32(String value)
   在 MettingSys.Web.admin.order.order_list.Page_Load(Object sender, EventArgs e) 位置 D:\外包项目\MettingSys\code\MettingSys.Web\admin\order\order_list.aspx.cs:行号 24
   在 System.EventHandler.Invoke(Object sender, EventArgs e)
   在 System.Web.UI.Control.OnLoad(EventArgs e)
   在 System.Web.UI.Control.LoadRecursive()
   在 System.Web.UI.Page.ProcessRequestMain(Boolean includeStagesBeforeAsyncPoint, Boolean includeStagesAfterAsyncPoint)

20190528 19:00:52 输入字符串的格式不正确。
===================================
   在 System.Number.StringToNumber(String str, NumberStyles options, NumberBuffer& number, NumberFormatInfo info, Boolean parseDecimal)
   在 System.Number.ParseInt32(String s, NumberStyles style, NumberFormatInfo info)
   在 System.Convert.ToInt32(String value)
   在 MettingSys.Web.admin.order.order_list.Page_Load(Object sender, EventArgs e) 位置 D:\外包项目\MettingSys\code\MettingSys.Web\admin\order\order_list.aspx.cs:行号 24
   在 System.EventHandler.Invoke(Object sender, EventArgs e)
   在 System.Web.UI.Control.OnLoad(EventArgs e)
   在 System.Web.UI.Control.LoadRecursive()
   在 System.Web.UI.Page.ProcessRequestMain(Boolean includeStagesBeforeAsyncPoint, Boolean includeStagesAfterAsyncPoint)

20190528 19:01:37 输入字符串的格式不正确。
===================================
   在 System.Number.StringToNumber(String str, NumberStyles options, NumberBuffer& number, NumberFormatInfo info, Boolean parseDecimal)
   在 System.Number.ParseInt32(String s, NumberStyles style, NumberFormatInfo info)
   在 System.Convert.ToInt32(String value)
   在 MettingSys.Web.admin.order.order_list.Page_Load(Object sender, EventArgs e) 位置 D:\外包项目\MettingSys\code\MettingSys.Web\admin\order\order_list.aspx.cs:行号 24
   在 System.EventHandler.Invoke(Object sender, EventArgs e)
   在 System.Web.UI.Control.OnLoad(EventArgs e)
   在 System.Web.UI.Control.LoadRecursive()
   在 System.Web.UI.Page.ProcessRequestMain(Boolean includeStagesBeforeAsyncPoint, Boolean includeStagesAfterAsyncPoint)

20190528 20:37:06 输入字符串的格式不正确。
===================================
   在 System.Number.StringToNumber(String str, NumberStyles options, NumberBuffer& number, NumberFormatInfo info, Boolean parseDecimal)
   在 System.Number.ParseInt32(String s, NumberStyles style, NumberFormatInfo info)
   在 System.Convert.ToInt32(String value)
   在 MettingSys.Web.admin.order.order_list.Page_Load(Object sender, EventArgs e) 位置 D:\外包项目\MettingSys\code\MettingSys.Web\admin\order\order_list.aspx.cs:行号 24
   在 System.EventHandler.Invoke(Object sender, EventArgs e)
   在 System.Web.UI.Control.OnLoad(EventArgs e)
   在 System.Web.UI.Control.LoadRecursive()
   在 System.Web.UI.Page.ProcessRequestMain(Boolean includeStagesBeforeAsyncPoint, Boolean includeStagesAfterAsyncPoint)

20190528 20:37:37 输入字符串的格式不正确。
===================================
   在 System.Number.StringToNumber(String str, NumberStyles options, NumberBuffer& number, NumberFormatInfo info, Boolean parseDecimal)
   在 System.Number.ParseInt32(String s, NumberStyles style, NumberFormatInfo info)
   在 System.Convert.ToInt32(String value)
   在 MettingSys.Web.admin.order.order_list.Page_Load(Object sender, EventArgs e) 位置 D:\外包项目\MettingSys\code\MettingSys.Web\admin\order\order_list.aspx.cs:行号 24
   在 System.EventHandler.Invoke(Object sender, EventArgs e)
   在 System.Web.UI.Control.OnLoad(EventArgs e)
   在 System.Web.UI.Control.LoadRecursive()
   在 System.Web.UI.Page.ProcessRequestMain(Boolean includeStagesBeforeAsyncPoint, Boolean includeStagesAfterAsyncPoint)

20190528 20:37:43 输入字符串的格式不正确。
===================================
   在 System.Number.StringToNumber(String str, NumberStyles options, NumberBuffer& number, NumberFormatInfo info, Boolean parseDecimal)
   在 System.Number.ParseInt32(String s, NumberStyles style, NumberFormatInfo info)
   在 System.Convert.ToInt32(String value)
   在 MettingSys.Web.admin.order.order_list.Page_Load(Object sender, EventArgs e) 位置 D:\外包项目\MettingSys\code\MettingSys.Web\admin\order\order_list.aspx.cs:行号 24
   在 System.EventHandler.Invoke(Object sender, EventArgs e)
   在 System.Web.UI.Control.OnLoad(EventArgs e)
   在 System.Web.UI.Control.LoadRecursive()
   在 System.Web.UI.Page.ProcessRequestMain(Boolean includeStagesBeforeAsyncPoint, Boolean includeStagesAfterAsyncPoint)

20190528 20:39:32 输入字符串的格式不正确。
===================================
   在 System.Number.StringToNumber(String str, NumberStyles options, NumberBuffer& number, NumberFormatInfo info, Boolean parseDecimal)
   在 System.Number.ParseInt32(String s, NumberStyles style, NumberFormatInfo info)
   在 System.Convert.ToInt32(String value)
   在 MettingSys.Web.admin.order.order_list.Page_Load(Object sender, EventArgs e) 位置 D:\外包项目\MettingSys\code\MettingSys.Web\admin\order\order_list.aspx.cs:行号 24
   在 System.EventHandler.Invoke(Object sender, EventArgs e)
   在 System.Web.UI.Control.OnLoad(EventArgs e)
   在 System.Web.UI.Control.LoadRecursive()
   在 System.Web.UI.Page.ProcessRequestMain(Boolean includeStagesBeforeAsyncPoint, Boolean includeStagesAfterAsyncPoint)

20190528 21:02:47 输入字符串的格式不正确。
===================================
   在 System.Number.StringToNumber(String str, NumberStyles options, NumberBuffer& number, NumberFormatInfo info, Boolean parseDecimal)
   在 System.Number.ParseInt32(String s, NumberStyles style, NumberFormatInfo info)
   在 System.Convert.ToInt32(String value)
   在 MettingSys.Web.admin.order.order_list.Page_Load(Object sender, EventArgs e) 位置 D:\外包项目\MettingSys\code\MettingSys.Web\admin\order\order_list.aspx.cs:行号 24
   在 System.EventHandler.Invoke(Object sender, EventArgs e)
   在 System.Web.UI.Control.OnLoad(EventArgs e)
   在 System.Web.UI.Control.LoadRecursive()
   在 System.Web.UI.Page.ProcessRequestMain(Boolean includeStagesBeforeAsyncPoint, Boolean includeStagesAfterAsyncPoint)

20190528 21:04:23 输入字符串的格式不正确。
===================================
   在 System.Number.StringToNumber(String str, NumberStyles options, NumberBuffer& number, NumberFormatInfo info, Boolean parseDecimal)
   在 System.Number.ParseInt32(String s, NumberStyles style, NumberFormatInfo info)
   在 System.Convert.ToInt32(String value)
   在 MettingSys.Web.admin.order.order_list.Page_Load(Object sender, EventArgs e) 位置 D:\外包项目\MettingSys\code\MettingSys.Web\admin\order\order_list.aspx.cs:行号 24
   在 System.EventHandler.Invoke(Object sender, EventArgs e)
   在 System.Web.UI.Control.OnLoad(EventArgs e)
   在 System.Web.UI.Control.LoadRecursive()
   在 System.Web.UI.Page.ProcessRequestMain(Boolean includeStagesBeforeAsyncPoint, Boolean includeStagesAfterAsyncPoint)
